<?xml version="1.0" encoding="UTF-8"?>
<testng-results skipped="0" failed="0" ignored="0" total="1" passed="1">
  <reporter-output>
  </reporter-output>
  <suite name="Default suite" duration-ms="54" started-at="2022-02-23T19:58:25 IST" finished-at="2022-02-23T19:58:25 IST">
    <groups>
    </groups>
    <test name="Default test" duration-ms="54" started-at="2022-02-23T19:58:25 IST" finished-at="2022-02-23T19:58:25 IST">
      <class name="sravaniAcademy.Log4jPractise.Demo">
        <test-method status="PASS" signature="getData()[pri:0, instance:sravaniAcademy.Log4jPractise.Demo@31f9b85e]" name="getData" duration-ms="15" started-at="2022-02-23T19:58:25 IST" finished-at="2022-02-23T19:58:25 IST">
          <reporter-output>
          </reporter-output>
        </test-method> <!-- getData -->
      </class> <!-- sravaniAcademy.Log4jPractise.Demo -->
    </test> <!-- Default test -->
  </suite> <!-- Default suite -->
</testng-results>
